<?xml version="1.0" encoding="UTF-8"?>
<!-- Generated by org.testng.reporters.JUnitXMLReporter -->
<testsuite ignored="1" hostname="Amit-Roy" failures="0" tests="1" name="Default test" time="0.26" errors="0" timestamp="2025-09-05T12:12:43 IST">
  <testcase classname="demo1.PracticeDemoTest" name="startTest" time="0.062"/>
  <testcase classname="demo1.PracticeDemoTest" name="modifyStartTest" time="0.0">
    <ignored/>
  </testcase> <!-- modifyStartTest -->
</testsuite> <!-- Default test -->
