<?xml version="1.0" encoding="UTF-8"?>
<!-- Generated by org.testng.reporters.JUnitXMLReporter -->
<testsuite ignored="0" hostname="Amit-Roy" failures="0" tests="3" name="Test" time="0.325" errors="0" timestamp="2025-09-05T23:42:41 IST">
  <testcase classname="demo2.PracticeDemo2Test" name="deleteStopTest" time="0.05"/>
  <testcase classname="demo2.PracticeDemo2Test" name="modifyStopTest" time="0.008"/>
  <testcase classname="demo2.PracticeDemo2Test" name="stopTest" time="0.006"/>
</testsuite> <!-- Test -->
