<?xml version="1.0" encoding="UTF-8"?>
<!-- Generated by org.testng.reporters.JUnitXMLReporter -->
<testsuite ignored="0" hostname="Amit-Roy" failures="0" tests="4" name="Test" time="0.455" errors="0" timestamp="2025-09-05T12:16:06 IST">
  <testcase classname="demo1.PracticeDemoTest" name="modifyStartTest" time="0.112"/>
  <testcase classname="demo1.PracticeDemoTest" name="startTest" time="0.016"/>
  <testcase classname="demo2.PracticeDemo2Test" name="modifyStopTest" time="0.017"/>
  <testcase classname="demo2.PracticeDemo2Test" name="stopTest" time="0.019"/>
</testsuite> <!-- Test -->
