<?xml version="1.0" encoding="UTF-8"?>
<testng-results ignored="0" total="4" passed="4" failed="0" skipped="0">
  <reporter-output>
  </reporter-output>
  <suite started-at="2025-09-05T12:16:05 IST" name="Suite" finished-at="2025-09-05T12:16:06 IST" duration-ms="455">
    <groups>
    </groups>
    <test started-at="2025-09-05T12:16:05 IST" name="Test" finished-at="2025-09-05T12:16:06 IST" duration-ms="455">
      <class name="demo2.PracticeDemo2Test">
        <test-method signature="modifyStopTest()[pri:0, instance:demo2.PracticeDemo2Test@62379589]" started-at="2025-09-05T12:16:06 IST" name="modifyStopTest" finished-at="2025-09-05T12:16:06 IST" duration-ms="17" status="PASS">
          <reporter-output>
          </reporter-output>
        </test-method> <!-- modifyStopTest -->
        <test-method signature="stopTest()[pri:0, instance:demo2.PracticeDemo2Test@62379589]" started-at="2025-09-05T12:16:06 IST" name="stopTest" finished-at="2025-09-05T12:16:06 IST" duration-ms="19" status="PASS">
          <reporter-output>
          </reporter-output>
        </test-method> <!-- stopTest -->
      </class> <!-- demo2.PracticeDemo2Test -->
      <class name="demo1.PracticeDemoTest">
        <test-method signature="modifyStartTest()[pri:0, instance:demo1.PracticeDemoTest@618b19ad]" started-at="2025-09-05T12:16:05 IST" name="modifyStartTest" finished-at="2025-09-05T12:16:06 IST" duration-ms="112" status="PASS">
          <reporter-output>
          </reporter-output>
        </test-method> <!-- modifyStartTest -->
        <test-method signature="startTest()[pri:0, instance:demo1.PracticeDemoTest@618b19ad]" started-at="2025-09-05T12:16:06 IST" name="startTest" finished-at="2025-09-05T12:16:06 IST" duration-ms="16" status="PASS">
          <reporter-output>
          </reporter-output>
        </test-method> <!-- startTest -->
      </class> <!-- demo1.PracticeDemoTest -->
    </test> <!-- Test -->
  </suite> <!-- Suite -->
</testng-results>
