<?xml version="1.0" encoding="UTF-8"?>
<testng-results ignored="0" total="3" passed="3" failed="0" skipped="0">
  <reporter-output>
  </reporter-output>
  <suite started-at="2025-09-05T23:42:41 IST" name="Suite" finished-at="2025-09-05T23:42:41 IST" duration-ms="325">
    <groups>
    </groups>
    <test started-at="2025-09-05T23:42:41 IST" name="Test" finished-at="2025-09-05T23:42:41 IST" duration-ms="325">
      <class name="demo2.PracticeDemo2Test">
        <test-method signature="deleteStopTest()[pri:0, instance:demo2.PracticeDemo2Test@765d7657]" started-at="2025-09-05T23:42:41 IST" name="deleteStopTest" finished-at="2025-09-05T23:42:41 IST" duration-ms="50" status="PASS">
          <reporter-output>
          </reporter-output>
        </test-method> <!-- deleteStopTest -->
        <test-method signature="modifyStopTest()[pri:0, instance:demo2.PracticeDemo2Test@765d7657]" started-at="2025-09-05T23:42:41 IST" name="modifyStopTest" finished-at="2025-09-05T23:42:41 IST" duration-ms="8" status="PASS">
          <reporter-output>
          </reporter-output>
        </test-method> <!-- modifyStopTest -->
        <test-method signature="stopTest()[pri:0, instance:demo2.PracticeDemo2Test@765d7657]" started-at="2025-09-05T23:42:41 IST" name="stopTest" finished-at="2025-09-05T23:42:41 IST" duration-ms="6" status="PASS">
          <reporter-output>
          </reporter-output>
        </test-method> <!-- stopTest -->
      </class> <!-- demo2.PracticeDemo2Test -->
    </test> <!-- Test -->
  </suite> <!-- Suite -->
</testng-results>
